# JRE version: OpenJDK Runtime Environment Microsoft-8035246 (17.0.8+7) (build 17.0.8+7-LTS)
# Java VM: OpenJDK 64-Bit Server VM Microsoft-8035246 (17.0.8+7-LTS, mixed mode, sharing, tiered, compressed oops, compressed class ptrs, g1 gc, windows-amd64)
GC Precious Log:
 CPUs: 4 total, 4 available
 Memory: 8078M
 Large Page Support: Disabled
 NUMA Support: Disabled
 Compressed Oops: Enabled (32-bit)
 Heap Region Size: 1M
 Heap Min Capacity: 8M
 Heap Initial Capacity: 128M
 Heap Max Capacity: 2G
 Pre-touch: Disabled
 Parallel Workers: 4
 Concurrent Workers: 1
 Concurrent Refinement Workers: 4
 Periodic GC: Disabled
Heap:
 garbage-first heap   total 189440K, used 103710K [0x0000000080000000, 0x0000000100000000)
  region size 1024K, 21 young (21504K), 5 survivors (5120K)
 Metaspace       used 70961K, committed 71808K, reserved 491520K
  class space    used 10019K, committed 10432K, reserved 425984K
GC Heap History (20 events):
Event: 21.719 GC heap before
{Heap before GC invocations=21 (full 0):
 garbage-first heap   total 92160K, used 61157K [0x0000000080000000, 0x0000000100000000)
  region size 1024K, 5 young (5120K), 4 survivors (4096K)
 Metaspace       used 56797K, committed 57408K, reserved 491520K
  class space    used 8092K, committed 8384K, reserved 425984K
}
Event: 21.722 GC heap after
{Heap after GC invocations=22 (full 0):
 garbage-first heap   total 92160K, used 61072K [0x0000000080000000, 0x0000000100000000)
  region size 1024K, 1 young (1024K), 1 survivors (1024K)
 Metaspace       used 56797K, committed 57408K, reserved 491520K
  class space    used 8092K, committed 8384K, reserved 425984K
}
Event: 22.201 GC heap before
{Heap before GC invocations=22 (full 0):
 garbage-first heap   total 92160K, used 76432K [0x0000000080000000, 0x0000000100000000)
  region size 1024K, 16 young (16384K), 1 survivors (1024K)
 Metaspace       used 58020K, committed 58688K, reserved 491520K
  class space    used 8237K, committed 8576K, reserved 425984K
}
Event: 22.203 GC heap after
{Heap after GC invocations=23 (full 0):
 garbage-first heap   total 92160K, used 61834K [0x0000000080000000, 0x0000000100000000)
  region size 1024K, 2 young (2048K), 2 survivors (2048K)
 Metaspace       used 58020K, committed 58688K, reserved 491520K
  class space    used 8237K, committed 8576K, reserved 425984K
}
Event: 22.463 GC heap before
{Heap before GC invocations=24 (full 0):
 garbage-first heap   total 114688K, used 76170K [0x0000000080000000, 0x0000000100000000)
  region size 1024K, 16 young (16384K), 2 survivors (2048K)
 Metaspace       used 59100K, committed 59712K, reserved 491520K
  class space    used 8381K, committed 8704K, reserved 425984K
}
Event: 22.467 GC heap after
{Heap after GC invocations=25 (full 0):
 garbage-first heap   total 114688K, used 62996K [0x0000000080000000, 0x0000000100000000)
  region size 1024K, 2 young (2048K), 2 survivors (2048K)
 Metaspace       used 59100K, committed 59712K, reserved 491520K
  class space    used 8381K, committed 8704K, reserved 425984K
}
Event: 22.539 GC heap before
{Heap before GC invocations=25 (full 0):
 garbage-first heap   total 114688K, used 65044K [0x0000000080000000, 0x0000000100000000)
  region size 1024K, 5 young (5120K), 2 survivors (2048K)
 Metaspace       used 59281K, committed 59904K, reserved 491520K
  class space    used 8414K, committed 8768K, reserved 425984K
}
Event: 22.542 GC heap after
{Heap after GC invocations=26 (full 0):
 garbage-first heap   total 114688K, used 61805K [0x0000000080000000, 0x0000000100000000)
  region size 1024K, 1 young (1024K), 1 survivors (1024K)
 Metaspace       used 59281K, committed 59904K, reserved 491520K
  class space    used 8414K, committed 8768K, reserved 425984K
}
Event: 22.953 GC heap before
{Heap before GC invocations=26 (full 0):
 garbage-first heap   total 114688K, used 93549K [0x0000000080000000, 0x0000000100000000)
  region size 1024K, 32 young (32768K), 1 survivors (1024K)
 Metaspace       used 61149K, committed 61824K, reserved 491520K
  class space    used 8661K, committed 8960K, reserved 425984K
}
Event: 22.956 GC heap after
{Heap after GC invocations=27 (full 0):
 garbage-first heap   total 189440K, used 62545K [0x0000000080000000, 0x0000000100000000)
  region size 1024K, 1 young (1024K), 1 survivors (1024K)
 Metaspace       used 61149K, committed 61824K, reserved 491520K
  class space    used 8661K, committed 8960K, reserved 425984K
}
Event: 25.704 GC heap before
{Heap before GC invocations=28 (full 0):
 garbage-first heap   total 189440K, used 150609K [0x0000000080000000, 0x0000000100000000)
  region size 1024K, 87 young (89088K), 1 survivors (1024K)
 Metaspace       used 65451K, committed 66176K, reserved 491520K
  class space    used 9252K, committed 9600K, reserved 425984K
}
Event: 25.713 GC heap after
{Heap after GC invocations=29 (full 0):
 garbage-first heap   total 189440K, used 70512K [0x0000000080000000, 0x0000000100000000)
  region size 1024K, 9 young (9216K), 9 survivors (9216K)
 Metaspace       used 65451K, committed 66176K, reserved 491520K
  class space    used 9252K, committed 9600K, reserved 425984K
}
Event: 25.779 GC heap before
{Heap before GC invocations=29 (full 0):
 garbage-first heap   total 189440K, used 71536K [0x0000000080000000, 0x0000000100000000)
  region size 1024K, 10 young (10240K), 9 survivors (9216K)
 Metaspace       used 65666K, committed 66368K, reserved 491520K
  class space    used 9274K, committed 9600K, reserved 425984K
}
Event: 25.793 GC heap after
{Heap after GC invocations=30 (full 0):
 garbage-first heap   total 189440K, used 70907K [0x0000000080000000, 0x0000000100000000)
  region size 1024K, 1 young (1024K), 1 survivors (1024K)
 Metaspace       used 65666K, committed 66368K, reserved 491520K
  class space    used 9274K, committed 9600K, reserved 425984K
}
Event: 35.076 GC heap before
{Heap before GC invocations=30 (full 0):
 garbage-first heap   total 189440K, used 150779K [0x0000000080000000, 0x0000000100000000)
  region size 1024K, 78 young (79872K), 1 survivors (1024K)
 Metaspace       used 70150K, committed 70976K, reserved 491520K
  class space    used 9988K, committed 10368K, reserved 425984K
}
Event: 35.084 GC heap after
{Heap after GC invocations=31 (full 0):
 garbage-first heap   total 189440K, used 77937K [0x0000000080000000, 0x0000000100000000)
  region size 1024K, 8 young (8192K), 8 survivors (8192K)
 Metaspace       used 70150K, committed 70976K, reserved 491520K
  class space    used 9988K, committed 10368K, reserved 425984K
}
Event: 37.072 GC heap before
{Heap before GC invocations=31 (full 0):
 garbage-first heap   total 189440K, used 150641K [0x0000000080000000, 0x0000000100000000)
  region size 1024K, 79 young (80896K), 8 survivors (8192K)
 Metaspace       used 70919K, committed 71744K, reserved 491520K
  class space    used 10016K, committed 10432K, reserved 425984K
}
Event: 37.086 GC heap after
{Heap after GC invocations=32 (full 0):
 garbage-first heap   total 189440K, used 82830K [0x0000000080000000, 0x0000000100000000)
  region size 1024K, 7 young (7168K), 7 survivors (7168K)
 Metaspace       used 70919K, committed 71744K, reserved 491520K
  class space    used 10016K, committed 10432K, reserved 425984K
}
Event: 38.304 GC heap before
{Heap before GC invocations=32 (full 0):
 garbage-first heap   total 189440K, used 150414K [0x0000000080000000, 0x0000000100000000)
  region size 1024K, 74 young (75776K), 7 survivors (7168K)
 Metaspace       used 70928K, committed 71744K, reserved 491520K
  class space    used 10016K, committed 10432K, reserved 425984K
}
Event: 38.311 GC heap after
{Heap after GC invocations=33 (full 0):
 garbage-first heap   total 189440K, used 85278K [0x0000000080000000, 0x0000000100000000)
  region size 1024K, 5 young (5120K), 5 survivors (5120K)
 Metaspace       used 70928K, committed 71744K, reserved 491520K
  class space    used 10016K, committed 10432K, reserved 425984K
}

